빌드 시작: 2016-08-03 오전 9:36:35
     1>2 노드의 "C:\Users\USER\Desktop\Jojangho\C\GitTest_Window\c_popol3\popol3\popol3\popol3.vcxproj" 프로젝트(Build 대상)입니다.
     1>ClCompile:
         C:\Program Files (x86)\Microsoft Visual Studio 12.0\VC\bin\CL.exe /c /ZI /nologo /W3 /WX- /Od /Oy- /D WIN32 /D _DEBUG /D _CONSOLE /D _LIB /D _UNICODE /D UNICODE /Gm /EHsc /RTC1 /MDd /GS /fp:precise /Zc:wchar_t /Zc:forScope /Fo"Debug\\" /Fd"Debug\vc120.pdb" /Gd /TC /analyze- /errorReport:prompt drawproc.c keyproc.c logicproc.c main.c
         main.c
     1>c:\users\user\desktop\jojangho\c\gittest_window\c_popol3\popol3\popol3\main.c(63): warning C4996: 'strcpy': This function or variable may be unsafe. Consider using strcpy_s instead. To disable deprecation, use _CRT_SECURE_NO_WARNINGS. See online help for details.
                 c:\program files (x86)\microsoft visual studio 12.0\vc\include\string.h(112) : 'strcpy' 선언을 참조하십시오.
     1>c:\users\user\desktop\jojangho\c\gittest_window\c_popol3\popol3\popol3\main.c(97): warning C4996: 'fopen': This function or variable may be unsafe. Consider using fopen_s instead. To disable deprecation, use _CRT_SECURE_NO_WARNINGS. See online help for details.
                 c:\program files (x86)\microsoft visual studio 12.0\vc\include\stdio.h(211) : 'fopen' 선언을 참조하십시오.
     1>c:\users\user\desktop\jojangho\c\gittest_window\c_popol3\popol3\popol3\main.c(112): warning C4996: 'fopen': This function or variable may be unsafe. Consider using fopen_s instead. To disable deprecation, use _CRT_SECURE_NO_WARNINGS. See online help for details.
                 c:\program files (x86)\microsoft visual studio 12.0\vc\include\stdio.h(211) : 'fopen' 선언을 참조하십시오.
         logicproc.c
     1>c:\users\user\desktop\jojangho\c\gittest_window\c_popol3\popol3\popol3\logicproc.c(61): warning C4013: 'strcpy'이(가) 정의되지 않았습니다. extern은 int형을 반환하는 것으로 간주합니다.
     1>c:\users\user\desktop\jojangho\c\gittest_window\c_popol3\popol3\popol3\logicproc.c(110): warning C4013: 'srand'이(가) 정의되지 않았습니다. extern은 int형을 반환하는 것으로 간주합니다.
     1>c:\users\user\desktop\jojangho\c\gittest_window\c_popol3\popol3\popol3\logicproc.c(125): warning C4013: 'rand'이(가) 정의되지 않았습니다. extern은 int형을 반환하는 것으로 간주합니다.
         keyproc.c
     1>c:\users\user\desktop\jojangho\c\gittest_window\c_popol3\popol3\popol3\keyproc.c(10): warning C4996: 'kbhit': The POSIX name for this item is deprecated. Instead, use the ISO C++ conformant name: _kbhit. See online help for details.
                 c:\program files (x86)\microsoft visual studio 12.0\vc\include\conio.h(133) : 'kbhit' 선언을 참조하십시오.
     1>c:\users\user\desktop\jojangho\c\gittest_window\c_popol3\popol3\popol3\keyproc.c(12): warning C4996: 'getch': The POSIX name for this item is deprecated. Instead, use the ISO C++ conformant name: _getch. See online help for details.
                 c:\program files (x86)\microsoft visual studio 12.0\vc\include\conio.h(131) : 'getch' 선언을 참조하십시오.
         drawproc.c
     1>c:\users\user\desktop\jojangho\c\gittest_window\c_popol3\popol3\popol3\drawproc.c(320): warning C4996: 'kbhit': The POSIX name for this item is deprecated. Instead, use the ISO C++ conformant name: _kbhit. See online help for details.
                 c:\program files (x86)\microsoft visual studio 12.0\vc\include\conio.h(133) : 'kbhit' 선언을 참조하십시오.
     1>c:\users\user\desktop\jojangho\c\gittest_window\c_popol3\popol3\popol3\drawproc.c(322): warning C4996: 'getch': The POSIX name for this item is deprecated. Instead, use the ISO C++ conformant name: _getch. See online help for details.
                 c:\program files (x86)\microsoft visual studio 12.0\vc\include\conio.h(131) : 'getch' 선언을 참조하십시오.
         코드를 생성하고 있습니다...
       Link:
         C:\Program Files (x86)\Microsoft Visual Studio 12.0\VC\bin\link.exe /ERRORREPORT:PROMPT /OUT:"C:\Users\USER\Desktop\Jojangho\C\GitTest_Window\c_popol3\popol3\Debug\popol3.exe" /INCREMENTAL /NOLOGO kernel32.lib user32.lib gdi32.lib winspool.lib comdlg32.lib advapi32.lib shell32.lib ole32.lib oleaut32.lib uuid.lib odbc32.lib odbccp32.lib /MANIFEST /MANIFESTUAC:"level='asInvoker' uiAccess='false'" /manifest:embed /DEBUG /PDB:"C:\Users\USER\Desktop\Jojangho\C\GitTest_Window\c_popol3\popol3\Debug\popol3.pdb" /SUBSYSTEM:CONSOLE /TLBID:1 /DYNAMICBASE /NXCOMPAT /IMPLIB:"C:\Users\USER\Desktop\Jojangho\C\GitTest_Window\c_popol3\popol3\Debug\popol3.lib" /MACHINE:X86 Debug\drawproc.obj
         Debug\grpengine.obj
         Debug\keyproc.obj
         Debug\logicproc.obj
         Debug\main.obj
         popol3.vcxproj -> C:\Users\USER\Desktop\Jojangho\C\GitTest_Window\c_popol3\popol3\Debug\popol3.exe
     1>"C:\Users\USER\Desktop\Jojangho\C\GitTest_Window\c_popol3\popol3\popol3\popol3.vcxproj" 프로젝트를 빌드했습니다(Build 대상).

빌드했습니다.

경과 시간: 00:00:01.22
