빌드 시작: 2016-08-03 오전 10:45:17
     1>2 노드의 "C:\Users\USER\Desktop\Jojangho\C\GitTest_Window\c_popol3\popol3\popol3\popol3.vcxproj" 프로젝트(Build 대상)입니다.
     1>ClCompile:
         C:\Program Files (x86)\Microsoft Visual Studio 12.0\VC\bin\CL.exe /c /Zi /nologo /W3 /WX- /O2 /Oi /Oy- /GL /D WIN32 /D NDEBUG /D _CONSOLE /D _LIB /D _UNICODE /D UNICODE /Gm- /EHsc /MD /GS /Gy /fp:precise /Zc:wchar_t /Zc:forScope /Fo"Release\\" /Fd"Release\vc120.pdb" /Gd /TC /analyze- /errorReport:prompt drawproc.c
         drawproc.c
     1>drawproc.c(320): warning C4996: 'kbhit': The POSIX name for this item is deprecated. Instead, use the ISO C++ conformant name: _kbhit. See online help for details.
                 C:\Program Files (x86)\Microsoft Visual Studio 12.0\VC\include\conio.h(133) : 'kbhit' 선언을 참조하십시오.
     1>drawproc.c(322): warning C4996: 'getch': The POSIX name for this item is deprecated. Instead, use the ISO C++ conformant name: _getch. See online help for details.
                 C:\Program Files (x86)\Microsoft Visual Studio 12.0\VC\include\conio.h(131) : 'getch' 선언을 참조하십시오.
       Link:
         C:\Program Files (x86)\Microsoft Visual Studio 12.0\VC\bin\link.exe /ERRORREPORT:PROMPT /OUT:"C:\Users\USER\Desktop\Jojangho\C\GitTest_Window\c_popol3\popol3\Release\popol3.exe" /INCREMENTAL:NO /NOLOGO kernel32.lib user32.lib gdi32.lib winspool.lib comdlg32.lib advapi32.lib shell32.lib ole32.lib oleaut32.lib uuid.lib odbc32.lib odbccp32.lib /MANIFEST /MANIFESTUAC:"level='asInvoker' uiAccess='false'" /manifest:embed /DEBUG /PDB:"C:\Users\USER\Desktop\Jojangho\C\GitTest_Window\c_popol3\popol3\Release\popol3.pdb" /SUBSYSTEM:CONSOLE /OPT:REF /OPT:ICF /LTCG /TLBID:1 /DYNAMICBASE /NXCOMPAT /IMPLIB:"C:\Users\USER\Desktop\Jojangho\C\GitTest_Window\c_popol3\popol3\Release\popol3.lib" /MACHINE:X86 /SAFESEH Release\drawproc.obj
         Release\grpengine.obj
         Release\keyproc.obj
         Release\logicproc.obj
         Release\main.obj
         코드를 생성하고 있습니다.
         코드를 생성했습니다.
         popol3.vcxproj -> C:\Users\USER\Desktop\Jojangho\C\GitTest_Window\c_popol3\popol3\Release\popol3.exe
     1>"C:\Users\USER\Desktop\Jojangho\C\GitTest_Window\c_popol3\popol3\popol3\popol3.vcxproj" 프로젝트를 빌드했습니다(Build 대상).

빌드했습니다.

경과 시간: 00:00:00.71
